#
# A fatal error has been detected by the Java Runtime Environment:
#
#  SIGSEGV (0xb) at pc=0x000000010a387bc2, pid=795, tid=0x0000000000003503
#
# JRE version: OpenJDK Runtime Environment (8.0_152-b01) (build 1.8.0_152-release-1024-b01)
# Java VM: OpenJDK 64-Bit Server VM (25.152-b01 mixed mode bsd-amd64 compressed oops)
# Problematic frame:
# V  [libjvm.dylib+0x387bc2]  PhaseLive::compute(unsigned int)+0x292
#
# Failed to write core dump. Core dumps have been disabled. To enable core dumping, try "ulimit -c unlimited" before starting Java again
#
# If you would like to submit a bug report, please visit:
#   http://bugreport.java.com/bugreport/crash.jsp
#

---------------  T H R E A D  ---------------

Current thread (0x00007fd7f183c000):  JavaThread "C2 CompilerThread0" daemon [_thread_in_native, id=13571, stack(0x000070000c15c000,0x000070000c25c000)]

siginfo: si_signo: 11 (SIGSEGV), si_code: 1 (SEGV_MAPERR), si_addr: 0x00007fd7f268fa38

Registers:
RAX=0x00007fd7f268fa10, RBX=0x0000000000000067, RCX=0x00007fd7f5846010, RDX=0x0000000000076a0e
RSP=0x000070000c2589b0, RBP=0x000070000c258a50, RSI=0x0000000000000000, RDI=0x00007fd7f3149fd8
R8 =0x00007fd7f094f1a0, R9 =0x0000000000076a0e, R10=0x000000010a7e1a20, R11=0x000000010a7e1a28
R12=0x00007fd7f3c70290, R13=0x000070000c258b28, R14=0x0000000000000042, R15=0x00007fd7f3dda0c0
RIP=0x000000010a387bc2, EFLAGS=0x0000000000010202, ERR=0x0000000000000004
  TRAPNO=0x000000000000000e

Top of Stack: (sp=0x000070000c2589b0)
0x000070000c2589b0:   00007fd7efc1cbd0 00007fd7f1a69600
0x000070000c2589c0:   00007fd7f1a71210 00007fd7f1a715e8
0x000070000c2589d0:   00000000002a3840 000000010a7be498
0x000070000c2589e0:   00007fd7efc1cbd0 000007b600000020
0x000070000c2589f0:   00007fd7f35a2130 0000000000000628
0x000070000c258a00:   0000000000000629 0000000000000001
0x000070000c258a10:   00007fd7f3149fd8 00000001207f4b70
0x000070000c258a20:   0000000000000002 0000000000000000
0x000070000c258a30:   000070000c258bb0 000070000c25a2b8
0x000070000c258a40:   000070000c258bf0 000070000c258b28
0x000070000c258a50:   000070000c258c80 000000010a149b4b
0x000070000c258a60:   00007fffad18a000 000000000000d400
0x000070000c258a70:   000070000c258aa0 00007fff74b5c1bd
0x000070000c258a80:   000000000000d400 000000010a7deffc
0x000070000c258a90:   000070000c258b10 000000000000000c
0x000070000c258aa0:   000070000c258ac0 00007fff74b5b4c7
0x000070000c258ab0:   0000000000000000 000000010a7deffc
0x000070000c258ac0:   000070000c258b00 000000010a432926
0x000070000c258ad0:   0000000000000000 000000000000d400
0x000070000c258ae0:   00007fd7f5820600 000070000c25a2b8
0x000070000c258af0:   00007fd7f5846000 000000000000d400
0x000070000c258b00:   000070000c258b50 000000010a098931
0x000070000c258b10:   0000000000000000 0000000000000000
0x000070000c258b20:   0000000000000000 000000000000000a
0x000070000c258b30:   000070000c25b078 000000011f6f1010
0x000070000c258b40:   00000001207e2010 00007fd7f3558e10
0x000070000c258b50:   00007fd7f2e265c8 00007fd7f43bfae0
0x000070000c258b60:   000070000c25a3e8 000070000c25a3c8
0x000070000c258b70:   000070000000102a 000070000c258bf0
0x000070000c258b80:   0000700000000002 00007fd7efd7abb0
0x000070000c258b90:   00007fd7efd7abb0 00007fd7efd7abc0
0x000070000c258ba0:   00007fd7efd7af98 00000000000003d8 

Instructions: (pc=0x000000010a387bc2)
0x000000010a387ba2:   de e8 34 95 df ff 41 8b 5c 24 18 48 83 fb 02 72
0x000000010a387bb2:   3e 41 be 01 00 00 00 49 8b 44 24 08 4a 8b 04 f0
0x000000010a387bc2:   8b 40 28 49 8b 4d 38 48 8b 49 68 4c 39 3c c1 74
0x000000010a387bd2:   16 48 98 49 8b 4d 40 48 8b 49 18 8b 34 81 48 8b 

Register to memory mapping:

RAX=0x00007fd7f268fa10 is an unknown value
RBX=0x0000000000000067 is an unknown value
RCX=0x00007fd7f5846010 is an unknown value
RDX=0x0000000000076a0e is an unknown value
RSP=0x000070000c2589b0 is pointing into the stack for thread: 0x00007fd7f183c000
RBP=0x000070000c258a50 is pointing into the stack for thread: 0x00007fd7f183c000
RSI=0x0000000000000000 is an unknown value
RDI=0x00007fd7f3149fd8 is an unknown value
R8 =0x00007fd7f094f1a0 is an unknown value
R9 =0x0000000000076a0e is an unknown value
R10=0x000000010a7e1a20: _ZL8tc_mutex+0x18 in /Applications/Android Studio.app/Contents/jre/jdk/Contents/Home/jre/lib/server/libjvm.dylib at 0x000000010a000000
R11=0x000000010a7e1a28: _ZL8tc_mutex+0x20 in /Applications/Android Studio.app/Contents/jre/jdk/Contents/Home/jre/lib/server/libjvm.dylib at 0x000000010a000000
R12=0x00007fd7f3c70290 is an unknown value
R13=0x000070000c258b28 is pointing into the stack for thread: 0x00007fd7f183c000
R14=0x0000000000000042 is an unknown value
R15=0x00007fd7f3dda0c0 is an unknown value


Stack: [0x000070000c15c000,0x000070000c25c000],  sp=0x000070000c2589b0,  free space=1010k
Native frames: (J=compiled Java code, j=interpreted, Vv=VM code, C=native code)
V  [libjvm.dylib+0x387bc2]  PhaseLive::compute(unsigned int)+0x292
V  [libjvm.dylib+0x149b4b]  PhaseChaitin::Register_Allocate()+0x17f
V  [libjvm.dylib+0x1969a0]  Compile::Code_Gen()+0x14e
V  [libjvm.dylib+0x195388]  Compile::Compile(ciEnv*, C2Compiler*, ciMethod*, int, bool, bool, bool)+0x9fa
V  [libjvm.dylib+0x13b9da]  C2Compiler::compile_method(ciEnv*, ciMethod*, int)+0xa4
V  [libjvm.dylib+0x1a067a]  CompileBroker::invoke_compiler_on_method(CompileTask*)+0x564
V  [libjvm.dylib+0x19fc78]  CompileBroker::compiler_thread_loop()+0x270
V  [libjvm.dylib+0x505e88]  JavaThread::thread_main_inner()+0x82
V  [libjvm.dylib+0x505d4d]  JavaThread::run()+0x199
V  [libjvm.dylib+0x435709]  java_start(Thread*)+0xfa
C  [libsystem_pthread.dylib+0x3661]  _pthread_body+0x154
C  [libsystem_pthread.dylib+0x350d]  _pthread_body+0x0
C  [libsystem_pthread.dylib+0x2bf9]  thread_start+0xd
C  0x0000000000000000


Current CompileTask:
C2:   5103 1745   !   4       java.net.URLClassLoader$1::run (63 bytes)


---------------  P R O C E S S  ---------------

Java Threads: ( => current thread )
  0x00007fd7f139f000 JavaThread "Cache worker for file hash cache (/Volumes/mecanico/Proyectos Android/LoyalApp/.gradle/4.1/fileHashes)" [_thread_blocked, id=42243, stack(0x000070000d089000,0x000070000d189000)]
  0x00007fd7f1d6f800 JavaThread "File lock request listener" [_thread_in_native, id=22787, stack(0x000070000cf86000,0x000070000d086000)]
  0x00007fd7f034d800 JavaThread "Cache worker for file hash cache (/Users/jorge/.gradle/caches/4.1/fileHashes)" [_thread_blocked, id=22275, stack(0x000070000ce83000,0x000070000cf83000)]
  0x00007fd7f1d5d000 JavaThread "Stdin handler" [_thread_blocked, id=42499, stack(0x000070000cd80000,0x000070000ce80000)]
  0x00007fd7f1d70000 JavaThread "Asynchronous log dispatcher for DefaultDaemonConnection: socket connection from /127.0.0.1:49925 to /127.0.0.1:49926" [_thread_blocked, id=43011, stack(0x000070000cc7d000,0x000070000cd7d000)]
  0x00007fd7f03a8000 JavaThread "Daemon worker" [_thread_in_vm, id=21763, stack(0x000070000cb7a000,0x000070000cc7a000)]
  0x00007fd7f032b800 JavaThread "Cancel handler" [_thread_blocked, id=15619, stack(0x000070000ca77000,0x000070000cb77000)]
  0x00007fd7f025a800 JavaThread "Handler for socket connection from /127.0.0.1:49925 to /127.0.0.1:49926" [_thread_in_native, id=16387, stack(0x000070000c974000,0x000070000ca74000)]
  0x00007fd7f1d69800 JavaThread "Daemon" [_thread_blocked, id=15363, stack(0x000070000c871000,0x000070000c971000)]
  0x00007fd7f0b96800 JavaThread "Daemon periodic checks" [_thread_blocked, id=17155, stack(0x000070000c76e000,0x000070000c86e000)]
  0x00007fd7f1378800 JavaThread "Incoming local TCP Connector on port 49925" [_thread_in_native, id=15107, stack(0x000070000c66b000,0x000070000c76b000)]
  0x00007fd7f1014000 JavaThread "Service Thread" daemon [_thread_blocked, id=14595, stack(0x000070000c465000,0x000070000c565000)]
  0x00007fd7f1842000 JavaThread "C1 CompilerThread2" daemon [_thread_blocked, id=14339, stack(0x000070000c362000,0x000070000c462000)]
  0x00007fd7f1841000 JavaThread "C2 CompilerThread1" daemon [_thread_in_native, id=14083, stack(0x000070000c25f000,0x000070000c35f000)]
=>0x00007fd7f183c000 JavaThread "C2 CompilerThread0" daemon [_thread_in_native, id=13571, stack(0x000070000c15c000,0x000070000c25c000)]
  0x00007fd7f004e800 JavaThread "Signal Dispatcher" daemon [_thread_blocked, id=13319, stack(0x000070000c059000,0x000070000c159000)]
  0x00007fd7f0810800 JavaThread "Finalizer" daemon [_thread_blocked, id=12035, stack(0x000070000bf56000,0x000070000c056000)]
  0x00007fd7f004b000 JavaThread "Reference Handler" daemon [_thread_blocked, id=20995, stack(0x000070000be53000,0x000070000bf53000)]
  0x00007fd7f1802800 JavaThread "main" [_thread_blocked, id=10499, stack(0x000070000b841000,0x000070000b941000)]

Other Threads:
  0x00007fd7f004a000 VMThread [stack: 0x000070000bd50000,0x000070000be50000] [id=21251]
  0x00007fd7f1009800 WatcherThread [stack: 0x000070000c568000,0x000070000c668000] [id=17667]

VM state:not at safepoint (normal execution)

VM Mutex/Monitor currently owned by a thread: None

Heap:
 PSYoungGen      total 71680K, used 45263K [0x00000007a0000000, 0x00000007a4b00000, 0x00000007c0000000)
  eden space 66560K, 68% used [0x00000007a0000000,0x00000007a2c33cf0,0x00000007a4100000)
  from space 5120K, 0% used [0x00000007a4600000,0x00000007a4600000,0x00000007a4b00000)
  to   space 5120K, 0% used [0x00000007a4100000,0x00000007a4100000,0x00000007a4600000)
 ParOldGen       total 61440K, used 9080K [0x0000000760000000, 0x0000000763c00000, 0x00000007a0000000)
  object space 61440K, 14% used [0x0000000760000000,0x00000007608de248,0x0000000763c00000)
 Metaspace       used 25022K, capacity 25582K, committed 25856K, reserved 1071104K
  class space    used 3398K, capacity 3536K, committed 3584K, reserved 1048576K

Card table byte_map: [0x000000010ae28000,0x000000010b129000] byte_map_base: 0x0000000107328000

Marking Bits: (ParMarkBitMap*) 0x000000010a7f81c8
 Begin Bits: [0x000000010b329000, 0x000000010cb29000)
 End Bits:   [0x000000010cb29000, 0x000000010e329000)

Polling page: 0x0000000109774000

CodeCache: size=245760Kb used=6868Kb max_used=6868Kb free=238891Kb
 bounds [0x000000010e9fa000, 0x000000010f0ba000, 0x000000011d9fa000]
 total_blobs=2498 nmethods=1871 adapters=541
 compilation: enabled

Compilation events (10 events):
Event: 5.038 Thread 0x00007fd7f1842000 1887       2       org.codehaus.groovy.reflection.CachedField::getModifiers (8 bytes)
Event: 5.038 Thread 0x00007fd7f1842000 nmethod 1887 0x000000010f0afa50 code [0x000000010f0afba0, 0x000000010f0afcf0]
Event: 5.057 Thread 0x00007fd7f1842000 1888       2       org.codehaus.groovy.util.AbstractConcurrentMap::segmentFor (9 bytes)
Event: 5.058 Thread 0x00007fd7f1842000 nmethod 1888 0x000000010f0affd0 code [0x000000010f0b0140, 0x000000010f0b02f0]
Event: 5.058 Thread 0x00007fd7f1842000 1889       2       org.codehaus.groovy.util.AbstractConcurrentMapBase::segmentFor (17 bytes)
Event: 5.058 Thread 0x00007fd7f1842000 nmethod 1889 0x000000010f0b0410 code [0x000000010f0b0580, 0x000000010f0b0710]
Event: 5.058 Thread 0x00007fd7f1842000 1890       2       org.codehaus.groovy.util.AbstractConcurrentMapBase$Segment::rehashIfThresholdExceeded (16 bytes)
Event: 5.059 Thread 0x00007fd7f1842000 nmethod 1890 0x000000010f0b0810 code [0x000000010f0b0980, 0x000000010f0b0b08]
Event: 5.059 Thread 0x00007fd7f1842000 1891       2       org.codehaus.groovy.util.ManagedConcurrentMap$EntryWithValue::<init> (16 bytes)
Event: 5.059 Thread 0x00007fd7f1842000 nmethod 1891 0x000000010f0b0b90 code [0x000000010f0b0d00, 0x000000010f0b0f18]

GC Heap History (10 events):
Event: 0.841 GC heap before
{Heap before GC invocations=1 (full 0):
 PSYoungGen      total 38400K, used 33280K [0x00000007a0000000, 0x00000007a2a80000, 0x00000007c0000000)
  eden space 33280K, 100% used [0x00000007a0000000,0x00000007a2080000,0x00000007a2080000)
  from space 5120K, 0% used [0x00000007a2580000,0x00000007a2580000,0x00000007a2a80000)
  to   space 5120K, 0% used [0x00000007a2080000,0x00000007a2080000,0x00000007a2580000)
 ParOldGen       total 87552K, used 0K [0x0000000760000000, 0x0000000765580000, 0x00000007a0000000)
  object space 87552K, 0% used [0x0000000760000000,0x0000000760000000,0x0000000765580000)
 Metaspace       used 6847K, capacity 7066K, committed 7424K, reserved 1056768K
  class space    used 837K, capacity 915K, committed 1024K, reserved 1048576K
Event: 0.847 GC heap after
Heap after GC invocations=1 (full 0):
 PSYoungGen      total 38400K, used 4452K [0x00000007a0000000, 0x00000007a2a80000, 0x00000007c0000000)
  eden space 33280K, 0% used [0x00000007a0000000,0x00000007a0000000,0x00000007a2080000)
  from space 5120K, 86% used [0x00000007a2080000,0x00000007a24d91b8,0x00000007a2580000)
  to   space 5120K, 0% used [0x00000007a2580000,0x00000007a2580000,0x00000007a2a80000)
 ParOldGen       total 87552K, used 8K [0x0000000760000000, 0x0000000765580000, 0x00000007a0000000)
  object space 87552K, 0% used [0x0000000760000000,0x0000000760002000,0x0000000765580000)
 Metaspace       used 6847K, capacity 7066K, committed 7424K, reserved 1056768K
  class space    used 837K, capacity 915K, committed 1024K, reserved 1048576K
}
Event: 1.596 GC heap before
{Heap before GC invocations=2 (full 0):
 PSYoungGen      total 38400K, used 37732K [0x00000007a0000000, 0x00000007a2a80000, 0x00000007c0000000)
  eden space 33280K, 100% used [0x00000007a0000000,0x00000007a2080000,0x00000007a2080000)
  from space 5120K, 86% used [0x00000007a2080000,0x00000007a24d91b8,0x00000007a2580000)
  to   space 5120K, 0% used [0x00000007a2580000,0x00000007a2580000,0x00000007a2a80000)
 ParOldGen       total 87552K, used 8K [0x0000000760000000, 0x0000000765580000, 0x00000007a0000000)
  object space 87552K, 0% used [0x0000000760000000,0x0000000760002000,0x0000000765580000)
 Metaspace       used 12075K, capacity 12490K, committed 12800K, reserved 1060864K
  class space    used 1657K, capacity 1771K, committed 1792K, reserved 1048576K
Event: 1.635 GC heap after
Heap after GC invocations=2 (full 0):
 PSYoungGen      total 38400K, used 5114K [0x00000007a0000000, 0x00000007a4b00000, 0x00000007c0000000)
  eden space 33280K, 0% used [0x00000007a0000000,0x00000007a0000000,0x00000007a2080000)
  from space 5120K, 99% used [0x00000007a2580000,0x00000007a2a7e9b8,0x00000007a2a80000)
  to   space 5120K, 0% used [0x00000007a2080000,0x00000007a2080000,0x00000007a2580000)
 ParOldGen       total 87552K, used 862K [0x0000000760000000, 0x0000000765580000, 0x00000007a0000000)
  object space 87552K, 0% used [0x0000000760000000,0x00000007600d7898,0x0000000765580000)
 Metaspace       used 12075K, capacity 12490K, committed 12800K, reserved 1060864K
  class space    used 1657K, capacity 1771K, committed 1792K, reserved 1048576K
}
Event: 2.959 GC heap before
{Heap before GC invocations=3 (full 0):
 PSYoungGen      total 38400K, used 38394K [0x00000007a0000000, 0x00000007a4b00000, 0x00000007c0000000)
  eden space 33280K, 100% used [0x00000007a0000000,0x00000007a2080000,0x00000007a2080000)
  from space 5120K, 99% used [0x00000007a2580000,0x00000007a2a7e9b8,0x00000007a2a80000)
  to   space 5120K, 0% used [0x00000007a2080000,0x00000007a2080000,0x00000007a2580000)
 ParOldGen       total 87552K, used 862K [0x0000000760000000, 0x0000000765580000, 0x00000007a0000000)
  object space 87552K, 0% used [0x0000000760000000,0x00000007600d7898,0x0000000765580000)
 Metaspace       used 15544K, capacity 15918K, committed 16256K, reserved 1062912K
  class space    used 2210K, capacity 2317K, committed 2432K, reserved 1048576K
Event: 2.970 GC heap after
Heap after GC invocations=3 (full 0):
 PSYoungGen      total 38400K, used 5091K [0x00000007a0000000, 0x00000007a4b00000, 0x00000007c0000000)
  eden space 33280K, 0% used [0x00000007a0000000,0x00000007a0000000,0x00000007a2080000)
  from space 5120K, 99% used [0x00000007a2080000,0x00000007a2578d98,0x00000007a2580000)
  to   space 5120K, 0% used [0x00000007a4600000,0x00000007a4600000,0x00000007a4b00000)
 ParOldGen       total 87552K, used 3607K [0x0000000760000000, 0x0000000765580000, 0x00000007a0000000)
  object space 87552K, 4% used [0x0000000760000000,0x0000000760385d20,0x0000000765580000)
 Metaspace       used 15544K, capacity 15918K, committed 16256K, reserved 1062912K
  class space    used 2210K, capacity 2317K, committed 2432K, reserved 1048576K
}
Event: 4.041 GC heap before
{Heap before GC invocations=4 (full 0):
 PSYoungGen      total 38400K, used 35005K [0x00000007a0000000, 0x00000007a4b00000, 0x00000007c0000000)
  eden space 33280K, 89% used [0x00000007a0000000,0x00000007a1d36830,0x00000007a2080000)
  from space 5120K, 99% used [0x00000007a2080000,0x00000007a2578d98,0x00000007a2580000)
  to   space 5120K, 0% used [0x00000007a4600000,0x00000007a4600000,0x00000007a4b00000)
 ParOldGen       total 87552K, used 3607K [0x0000000760000000, 0x0000000765580000, 0x00000007a0000000)
  object space 87552K, 4% used [0x0000000760000000,0x0000000760385d20,0x0000000765580000)
 Metaspace       used 20654K, capacity 21134K, committed 21248K, reserved 1067008K
  class space    used 2879K, capacity 3042K, committed 3072K, reserved 1048576K
Event: 4.059 GC heap after
Heap after GC invocations=4 (full 0):
 PSYoungGen      total 71680K, used 5088K [0x00000007a0000000, 0x00000007a4b00000, 0x00000007c0000000)
  eden space 66560K, 0% used [0x00000007a0000000,0x00000007a0000000,0x00000007a4100000)
  from space 5120K, 99% used [0x00000007a4600000,0x00000007a4af8030,0x00000007a4b00000)
  to   space 5120K, 0% used [0x00000007a4100000,0x00000007a4100000,0x00000007a4600000)
 ParOldGen       total 87552K, used 7797K [0x0000000760000000, 0x0000000765580000, 0x00000007a0000000)
  object space 87552K, 8% used [0x0000000760000000,0x000000076079d508,0x0000000765580000)
 Metaspace       used 20654K, capacity 21134K, committed 21248K, reserved 1067008K
  class space    used 2879K, capacity 3042K, committed 3072K, reserved 1048576K
}
Event: 4.059 GC heap before
{Heap before GC invocations=5 (full 1):
 PSYoungGen      total 71680K, used 5088K [0x00000007a0000000, 0x00000007a4b00000, 0x00000007c0000000)
  eden space 66560K, 0% used [0x00000007a0000000,0x00000007a0000000,0x00000007a4100000)
  from space 5120K, 99% used [0x00000007a4600000,0x00000007a4af8030,0x00000007a4b00000)
  to   space 5120K, 0% used [0x00000007a4100000,0x00000007a4100000,0x00000007a4600000)
 ParOldGen       total 87552K, used 7797K [0x0000000760000000, 0x0000000765580000, 0x00000007a0000000)
  object space 87552K, 8% used [0x0000000760000000,0x000000076079d508,0x0000000765580000)
 Metaspace       used 20654K, capacity 21134K, committed 21248K, reserved 1067008K
  class space    used 2879K, capacity 3042K, committed 3072K, reserved 1048576K
Event: 4.116 GC heap after
Heap after GC invocations=5 (full 1):
 PSYoungGen      total 71680K, used 0K [0x00000007a0000000, 0x00000007a4b00000, 0x00000007c0000000)
  eden space 66560K, 0% used [0x00000007a0000000,0x00000007a0000000,0x00000007a4100000)
  from space 5120K, 0% used [0x00000007a4600000,0x00000007a4600000,0x00000007a4b00000)
  to   space 5120K, 0% used [0x00000007a4100000,0x00000007a4100000,0x00000007a4600000)
 ParOldGen       total 61440K, used 9080K [0x0000000760000000, 0x0000000763c00000, 0x00000007a0000000)
  object space 61440K, 14% used [0x0000000760000000,0x00000007608de248,0x0000000763c00000)
 Metaspace       used 20654K, capacity 21134K, committed 21248K, reserved 1067008K
  class space    used 2879K, capacity 3042K, committed 3072K, reserved 1048576K
}

Deoptimization events (10 events):
Event: 3.833 Thread 0x00007fd7f03a8000 Uncommon trap: reason=unstable_if action=reinterpret pc=0x000000010eb9c44c method=java.lang.AbstractStringBuilder.append(Ljava/lang/String;)Ljava/lang/AbstractStringBuilder; @ 1
Event: 4.001 Thread 0x00007fd7f03a8000 Uncommon trap: reason=class_check action=maybe_recompile pc=0x000000010ecc992c method=sun.misc.URLClassPath.getResource(Ljava/lang/String;Z)Lsun/misc/Resource; @ 62
Event: 4.415 Thread 0x00007fd7f03a8000 Uncommon trap: reason=unstable_if action=reinterpret pc=0x000000010ed9f164 method=java.util.HashMap.hash(Ljava/lang/Object;)I @ 1
Event: 4.540 Thread 0x00007fd7f03a8000 Uncommon trap: reason=unstable_if action=reinterpret pc=0x000000010ed9fa6c method=java.util.HashMap.getNode(ILjava/lang/Object;)Ljava/util/HashMap$Node; @ 53
Event: 4.540 Thread 0x00007fd7f03a8000 Uncommon trap: reason=unstable_if action=reinterpret pc=0x000000010eda1614 method=java.util.HashMap.hash(Ljava/lang/Object;)I @ 1
Event: 4.680 Thread 0x00007fd7f03a8000 Uncommon trap: reason=unstable_if action=reinterpret pc=0x000000010ed50574 method=java.util.LinkedHashMap.afterNodeInsertion(Z)V @ 1
Event: 4.994 Thread 0x00007fd7f03a8000 Uncommon trap: reason=class_check action=maybe_recompile pc=0x000000010f059688 method=sun.misc.URLClassPath.getLoader(I)Lsun/misc/URLClassPath$Loader; @ 94
Event: 5.002 Thread 0x00007fd7f03a8000 Uncommon trap: reason=class_check action=maybe_recompile pc=0x000000010f05a404 method=sun.misc.URLClassPath.getLoader(I)Lsun/misc/URLClassPath$Loader; @ 239
Event: 5.005 Thread 0x00007fd7f03a8000 Uncommon trap: reason=class_check action=maybe_recompile pc=0x000000010f05a404 method=sun.misc.URLClassPath.getLoader(I)Lsun/misc/URLClassPath$Loader; @ 239
Event: 5.012 Thread 0x00007fd7f03a8000 Uncommon trap: reason=class_check action=maybe_recompile pc=0x000000010f05a404 method=sun.misc.URLClassPath.getLoader(I)Lsun/misc/URLClassPath$Loader; @ 239

Classes redefined (0 events):
No events

Internal exceptions (10 events):
Event: 4.415 Thread 0x00007fd7f03a8000 Implicit null exception at 0x000000010ed9ef35 to 0x000000010ed9f155
Event: 4.540 Thread 0x00007fd7f03a8000 Implicit null exception at 0x000000010eda0fbb to 0x000000010eda1601
Event: 5.002 Thread 0x00007fd7f03a8000 Exception <a 'java/lang/ClassNotFoundException': build_a37nz47mz5svfrzjvhdhh9sd5BeanInfo> (0x00000007a27b9ea0) thrown at [/Volumes/android/AOSP-openjdk-git/jdk8u/hotspot/src/share/vm/classfile/systemDictionary.cpp, line 210]
Event: 5.003 Thread 0x00007fd7f03a8000 Exception <a 'java/lang/ClassNotFoundException': org/gradle/api/internal/project/ProjectScriptBeanInfo> (0x00000007a27cbe40) thrown at [/Volumes/android/AOSP-openjdk-git/jdk8u/hotspot/src/share/vm/classfile/systemDictionary.cpp, line 210]
Event: 5.003 Thread 0x00007fd7f03a8000 Exception <a 'java/lang/ClassNotFoundException': org/gradle/api/internal/project/ProjectScriptCustomizer> (0x00000007a27de3f8) thrown at [/Volumes/android/AOSP-openjdk-git/jdk8u/hotspot/src/share/vm/classfile/systemDictionary.cpp, line 210]
Event: 5.005 Thread 0x00007fd7f03a8000 Exception <a 'java/lang/ClassNotFoundException': build_a37nz47mz5svfrzjvhdhh9sd5Customizer> (0x00000007a27fc958) thrown at [/Volumes/android/AOSP-openjdk-git/jdk8u/hotspot/src/share/vm/classfile/systemDictionary.cpp, line 210]
Event: 5.016 Thread 0x00007fd7f03a8000 Exception <a 'java/lang/ClassNotFoundException': groovy/lang/Closure$1BeanInfo> (0x00000007a284cdf8) thrown at [/Volumes/android/AOSP-openjdk-git/jdk8u/hotspot/src/share/vm/classfile/systemDictionary.cpp, line 210]
Event: 5.017 Thread 0x00007fd7f03a8000 Exception <a 'java/lang/ClassNotFoundException': groovy/lang/ClosureBeanInfo> (0x00000007a28645c8) thrown at [/Volumes/android/AOSP-openjdk-git/jdk8u/hotspot/src/share/vm/classfile/systemDictionary.cpp, line 210]
Event: 5.018 Thread 0x00007fd7f03a8000 Exception <a 'java/lang/ClassNotFoundException': groovy/lang/ClosureCustomizer> (0x00000007a287c4a8) thrown at [/Volumes/android/AOSP-openjdk-git/jdk8u/hotspot/src/share/vm/classfile/systemDictionary.cpp, line 210]
Event: 5.022 Thread 0x00007fd7f03a8000 Exception <a 'java/lang/ClassNotFoundException': groovy/lang/Closure$1Customizer> (0x00000007a28bb490) thrown at [/Volumes/android/AOSP-openjdk-git/jdk8u/hotspot/src/share/vm/classfile/systemDictionary.cpp, line 210]

Events (10 events):
Event: 5.054 loading class org/codehaus/groovy/ast/ClassNode$MapOfLists
Event: 5.054 loading class org/codehaus/groovy/ast/ClassNode$MapOfLists done
Event: 5.055 loading class org/codehaus/groovy/ast/GenericsType
Event: 5.055 loading class org/codehaus/groovy/ast/GenericsType done
Event: 5.059 loading class org/codehaus/groovy/classgen/asm/BytecodeHelper
Event: 5.059 loading class org/codehaus/groovy/classgen/asm/BytecodeHelper done
Event: 5.062 loading class groovyjarjarasm/asm/Type
Event: 5.062 loading class groovyjarjarasm/asm/Type done
Event: 5.064 loading class org/codehaus/groovy/runtime/callsite/GroovySunClassLoader
Event: 5.064 loading class org/codehaus/groovy/runtime/callsite/GroovySunClassLoader done


Dynamic libraries:
0x0000000024ca4000 	/System/Library/Frameworks/Cocoa.framework/Versions/A/Cocoa
0x0000000024ca4000 	/System/Library/Frameworks/Security.framework/Versions/A/Security
0x0000000024ca4000 	/System/Library/Frameworks/ApplicationServices.framework/Versions/A/ApplicationServices
0x0000000024ca4000 	/usr/lib/libz.1.dylib
0x0000000024ca4000 	/usr/lib/libSystem.B.dylib
0x0000000024ca4000 	/System/Library/Frameworks/CoreFoundation.framework/Versions/A/CoreFoundation
0x0000000024ca4000 	/System/Library/Frameworks/Foundation.framework/Versions/C/Foundation
0x0000000024ca4000 	/usr/lib/libobjc.A.dylib
0x0000000024ca4000 	/System/Library/Frameworks/AppKit.framework/Versions/C/AppKit
0x0000000024ca4000 	/System/Library/Frameworks/CoreData.framework/Versions/A/CoreData
0x0000000024ca4000 	/System/Library/PrivateFrameworks/RemoteViewServices.framework/Versions/A/RemoteViewServices
0x0000000024ca4000 	/System/Library/PrivateFrameworks/UIFoundation.framework/Versions/A/UIFoundation
0x0000000024ca4000 	/System/Library/PrivateFrameworks/DFRFoundation.framework/Versions/A/DFRFoundation
0x0000000024ca4000 	/System/Library/Frameworks/Metal.framework/Versions/A/Metal
0x0000000024ca4000 	/System/Library/PrivateFrameworks/DesktopServicesPriv.framework/Versions/A/DesktopServicesPriv
0x0000000024ca4000 	/usr/lib/libenergytrace.dylib
0x0000000024ca4000 	/System/Library/PrivateFrameworks/SkyLight.framework/Versions/A/SkyLight
0x0000000024ca4000 	/System/Library/Frameworks/CoreGraphics.framework/Versions/A/CoreGraphics
0x0000000024ca4000 	/usr/lib/libScreenReader.dylib
0x0000000024ca4000 	/System/Library/Frameworks/Accelerate.framework/Versions/A/Accelerate
0x0000000024ca4000 	/System/Library/Frameworks/IOSurface.framework/Versions/A/IOSurface
0x0000000024ca4000 	/System/Library/Frameworks/AudioToolbox.framework/Versions/A/AudioToolbox
0x0000000024ca4000 	/System/Library/Frameworks/AudioUnit.framework/Versions/A/AudioUnit
0x0000000024ca4000 	/System/Library/PrivateFrameworks/DataDetectorsCore.framework/Versions/A/DataDetectorsCore
0x0000000024ca4000 	/System/Library/Frameworks/Carbon.framework/Versions/A/Frameworks/HIToolbox.framework/Versions/A/HIToolbox
0x0000000024ca4000 	/usr/lib/libicucore.A.dylib
0x0000000024ca4000 	/System/Library/Frameworks/QuartzCore.framework/Versions/A/QuartzCore
0x0000000024ca4000 	/System/Library/PrivateFrameworks/SignpostNotification.framework/Versions/A/SignpostNotification
0x0000000024ca4000 	/System/Library/Frameworks/Carbon.framework/Versions/A/Frameworks/SpeechRecognition.framework/Versions/A/SpeechRecognition
0x0000000024ca4000 	/usr/lib/libauto.dylib
0x0000000024ca4000 	/usr/lib/libxml2.2.dylib
0x0000000024ca4000 	/System/Library/PrivateFrameworks/CoreUI.framework/Versions/A/CoreUI
0x0000000024ca4000 	/System/Library/Frameworks/CoreAudio.framework/Versions/A/CoreAudio
0x0000000024ca4000 	/System/Library/Frameworks/DiskArbitration.framework/Versions/A/DiskArbitration
0x0000000024ca4000 	/usr/lib/liblangid.dylib
0x0000000024ca4000 	/System/Library/PrivateFrameworks/MultitouchSupport.framework/Versions/A/MultitouchSupport
0x0000000024ca4000 	/System/Library/Frameworks/IOKit.framework/Versions/A/IOKit
0x0000000024ca4000 	/usr/lib/libDiagnosticMessagesClient.dylib
0x0000000024ca4000 	/System/Library/Frameworks/CoreServices.framework/Versions/A/CoreServices
0x0000000024ca4000 	/System/Library/PrivateFrameworks/PerformanceAnalysis.framework/Versions/A/PerformanceAnalysis
0x0000000024ca4000 	/System/Library/Frameworks/OpenGL.framework/Versions/A/OpenGL
0x0000000024ca4000 	/System/Library/Frameworks/ColorSync.framework/Versions/A/ColorSync
0x0000000024ca4000 	/System/Library/Frameworks/CoreImage.framework/Versions/A/CoreImage
0x0000000024ca4000 	/System/Library/Frameworks/CoreText.framework/Versions/A/CoreText
0x0000000024ca4000 	/System/Library/Frameworks/ImageIO.framework/Versions/A/ImageIO
0x0000000024ca4000 	/System/Library/PrivateFrameworks/Backup.framework/Versions/A/Backup
0x0000000024ca4000 	/usr/lib/libarchive.2.dylib
0x0000000024ca4000 	/System/Library/Frameworks/CFNetwork.framework/Versions/A/CFNetwork
0x0000000024ca4000 	/System/Library/Frameworks/SystemConfiguration.framework/Versions/A/SystemConfiguration
0x0000000024ca4000 	/usr/lib/libCRFSuite.dylib
0x0000000024ca4000 	/usr/lib/libc++.1.dylib
0x0000000024ca4000 	/usr/lib/libc++abi.dylib
0x0000000024ca4000 	/usr/lib/system/libcache.dylib
0x0000000024ca4000 	/usr/lib/system/libcommonCrypto.dylib
0x0000000024ca4000 	/usr/lib/system/libcompiler_rt.dylib
0x0000000024ca4000 	/usr/lib/system/libcopyfile.dylib
0x0000000024ca4000 	/usr/lib/system/libcorecrypto.dylib
0x0000000024ca4000 	/usr/lib/system/libdispatch.dylib
0x0000000024ca4000 	/usr/lib/system/libdyld.dylib
0x0000000024ca4000 	/usr/lib/system/libkeymgr.dylib
0x0000000024ca4000 	/usr/lib/system/liblaunch.dylib
0x0000000024ca4000 	/usr/lib/system/libmacho.dylib
0x0000000024ca4000 	/usr/lib/system/libquarantine.dylib
0x0000000024ca4000 	/usr/lib/system/libremovefile.dylib
0x0000000024ca4000 	/usr/lib/system/libsystem_asl.dylib
0x0000000024ca4000 	/usr/lib/system/libsystem_blocks.dylib
0x0000000024ca4000 	/usr/lib/system/libsystem_c.dylib
0x0000000024ca4000 	/usr/lib/system/libsystem_configuration.dylib
0x0000000024ca4000 	/usr/lib/system/libsystem_coreservices.dylib
0x0000000024ca4000 	/usr/lib/system/libsystem_darwin.dylib
0x0000000024ca4000 	/usr/lib/system/libsystem_dnssd.dylib
0x0000000024ca4000 	/usr/lib/system/libsystem_info.dylib
0x0000000024ca4000 	/usr/lib/system/libsystem_m.dylib
0x0000000024ca4000 	/usr/lib/system/libsystem_malloc.dylib
0x0000000024ca4000 	/usr/lib/system/libsystem_network.dylib
0x0000000024ca4000 	/usr/lib/system/libsystem_networkextension.dylib
0x0000000024ca4000 	/usr/lib/system/libsystem_notify.dylib
0x0000000024ca4000 	/usr/lib/system/libsystem_sandbox.dylib
0x0000000024ca4000 	/usr/lib/system/libsystem_secinit.dylib
0x0000000024ca4000 	/usr/lib/system/libsystem_kernel.dylib
0x0000000024ca4000 	/usr/lib/system/libsystem_platform.dylib
0x0000000024ca4000 	/usr/lib/system/libsystem_pthread.dylib
0x0000000024ca4000 	/usr/lib/system/libsystem_symptoms.dylib
0x0000000024ca4000 	/usr/lib/system/libsystem_trace.dylib
0x0000000024ca4000 	/usr/lib/system/libunwind.dylib
0x0000000024ca4000 	/usr/lib/system/libxpc.dylib
0x0000000024ca4000 	/usr/lib/closure/libclosured.dylib
0x0000000024ca4000 	/usr/lib/libbsm.0.dylib
0x0000000024ca4000 	/usr/lib/system/libkxld.dylib
0x0000000024ca4000 	/usr/lib/libOpenScriptingUtil.dylib
0x0000000024ca4000 	/usr/lib/libcoretls.dylib
0x0000000024ca4000 	/usr/lib/libcoretls_cfhelpers.dylib
0x0000000024ca4000 	/usr/lib/libpam.2.dylib
0x0000000024ca4000 	/usr/lib/libsqlite3.dylib
0x0000000024ca4000 	/usr/lib/libxar.1.dylib
0x0000000024ca4000 	/usr/lib/libbz2.1.0.dylib
0x0000000024ca4000 	/usr/lib/liblzma.5.dylib
0x0000000024ca4000 	/usr/lib/libnetwork.dylib
0x0000000024ca4000 	/usr/lib/libapple_nghttp2.dylib
0x0000000024ca4000 	/usr/lib/libpcap.A.dylib
0x0000000024ca4000 	/usr/lib/libboringssl.dylib
0x0000000024ca4000 	/usr/lib/libusrtcp.dylib
0x0000000024ca4000 	/usr/lib/libapple_crypto.dylib
0x0000000024ca4000 	/System/Library/Frameworks/CoreServices.framework/Versions/A/Frameworks/FSEvents.framework/Versions/A/FSEvents
0x0000000024ca4000 	/System/Library/Frameworks/CoreServices.framework/Versions/A/Frameworks/CarbonCore.framework/Versions/A/CarbonCore
0x0000000024ca4000 	/System/Library/Frameworks/CoreServices.framework/Versions/A/Frameworks/Metadata.framework/Versions/A/Metadata
0x0000000024ca4000 	/System/Library/Frameworks/CoreServices.framework/Versions/A/Frameworks/OSServices.framework/Versions/A/OSServices
0x0000000024ca4000 	/System/Library/Frameworks/CoreServices.framework/Versions/A/Frameworks/SearchKit.framework/Versions/A/SearchKit
0x0000000024ca4000 	/System/Library/Frameworks/CoreServices.framework/Versions/A/Frameworks/AE.framework/Versions/A/AE
0x0000000024ca4000 	/System/Library/Frameworks/CoreServices.framework/Versions/A/Frameworks/LaunchServices.framework/Versions/A/LaunchServices
0x0000000024ca4000 	/System/Library/Frameworks/CoreServices.framework/Versions/A/Frameworks/DictionaryServices.framework/Versions/A/DictionaryServices
0x0000000024ca4000 	/System/Library/Frameworks/CoreServices.framework/Versions/A/Frameworks/SharedFileList.framework/Versions/A/SharedFileList
0x0000000024ca4000 	/System/Library/Frameworks/NetFS.framework/Versions/A/NetFS
0x0000000024ca4000 	/System/Library/PrivateFrameworks/NetAuth.framework/Versions/A/NetAuth
0x0000000024ca4000 	/System/Library/PrivateFrameworks/login.framework/Versions/A/Frameworks/loginsupport.framework/Versions/A/loginsupport
0x0000000024ca4000 	/System/Library/PrivateFrameworks/TCC.framework/Versions/A/TCC
0x0000000024ca4000 	/usr/lib/libmecabra.dylib
0x0000000024ca4000 	/System/Library/Frameworks/ApplicationServices.framework/Versions/A/Frameworks/ATS.framework/Versions/A/ATS
0x0000000024ca4000 	/System/Library/Frameworks/ApplicationServices.framework/Versions/A/Frameworks/ColorSyncLegacy.framework/Versions/A/ColorSyncLegacy
0x0000000024ca4000 	/System/Library/Frameworks/ApplicationServices.framework/Versions/A/Frameworks/HIServices.framework/Versions/A/HIServices
0x0000000024ca4000 	/System/Library/Frameworks/ApplicationServices.framework/Versions/A/Frameworks/LangAnalysis.framework/Versions/A/LangAnalysis
0x0000000024ca4000 	/System/Library/Frameworks/ApplicationServices.framework/Versions/A/Frameworks/PrintCore.framework/Versions/A/PrintCore
0x0000000024ca4000 	/System/Library/Frameworks/ApplicationServices.framework/Versions/A/Frameworks/QD.framework/Versions/A/QD
0x0000000024ca4000 	/System/Library/Frameworks/ApplicationServices.framework/Versions/A/Frameworks/SpeechSynthesis.framework/Versions/A/SpeechSynthesis
0x0000000024ca4000 	/System/Library/Frameworks/CoreDisplay.framework/Versions/A/CoreDisplay
0x0000000024ca4000 	/System/Library/Frameworks/Accelerate.framework/Versions/A/Frameworks/vImage.framework/Versions/A/vImage
0x0000000024ca4000 	/System/Library/Frameworks/Accelerate.framework/Versions/A/Frameworks/vecLib.framework/Versions/A/vecLib
0x0000000024ca4000 	/System/Library/Frameworks/Accelerate.framework/Versions/A/Frameworks/vecLib.framework/Versions/A/libvDSP.dylib
0x0000000024ca4000 	/System/Library/Frameworks/Accelerate.framework/Versions/A/Frameworks/vecLib.framework/Versions/A/libBNNS.dylib
0x0000000024ca4000 	/System/Library/Frameworks/Accelerate.framework/Versions/A/Frameworks/vecLib.framework/Versions/A/libQuadrature.dylib
0x0000000024ca4000 	/System/Library/Frameworks/Accelerate.framework/Versions/A/Frameworks/vecLib.framework/Versions/A/libvMisc.dylib
0x0000000024ca4000 	/System/Library/Frameworks/Accelerate.framework/Versions/A/Frameworks/vecLib.framework/Versions/A/libLAPACK.dylib
0x0000000024ca4000 	/System/Library/Frameworks/Accelerate.framework/Versions/A/Frameworks/vecLib.framework/Versions/A/libBLAS.dylib
0x0000000024ca4000 	/System/Library/Frameworks/Accelerate.framework/Versions/A/Frameworks/vecLib.framework/Versions/A/libLinearAlgebra.dylib
0x0000000024ca4000 	/System/Library/Frameworks/Accelerate.framework/Versions/A/Frameworks/vecLib.framework/Versions/A/libSparse.dylib
0x0000000024ca4000 	/System/Library/Frameworks/Accelerate.framework/Versions/A/Frameworks/vecLib.framework/Versions/A/libSparseBLAS.dylib
0x0000000024ca4000 	/System/Library/PrivateFrameworks/GPUWrangler.framework/Versions/A/GPUWrangler
0x0000000024ca4000 	/System/Library/PrivateFrameworks/IOAccelerator.framework/Versions/A/IOAccelerator
0x0000000024ca4000 	/System/Library/PrivateFrameworks/IOPresentment.framework/Versions/A/IOPresentment
0x0000000024ca4000 	/System/Library/PrivateFrameworks/DSExternalDisplay.framework/Versions/A/DSExternalDisplay
0x0000000024ca4000 	/System/Library/Frameworks/OpenGL.framework/Versions/A/Libraries/libCoreFSCache.dylib
0x0000000024ca4000 	/System/Library/Frameworks/CoreVideo.framework/Versions/A/CoreVideo
0x0000000024ca4000 	/System/Library/PrivateFrameworks/GraphVisualizer.framework/Versions/A/GraphVisualizer
0x0000000024ca4000 	/System/Library/Frameworks/MetalPerformanceShaders.framework/Versions/A/MetalPerformanceShaders
0x0000000024ca4000 	/usr/lib/libFosl_dynamic.dylib
0x0000000024ca4000 	/System/Library/PrivateFrameworks/FaceCore.framework/Versions/A/FaceCore
0x0000000024ca4000 	/System/Library/Frameworks/OpenCL.framework/Versions/A/OpenCL
0x0000000024ca4000 	/usr/lib/libcompression.dylib
0x0000000024ca4000 	/System/Library/Frameworks/ApplicationServices.framework/Versions/A/Frameworks/ATS.framework/Versions/A/Resources/libFontParser.dylib
0x0000000024ca4000 	/System/Library/Frameworks/ApplicationServices.framework/Versions/A/Frameworks/ATS.framework/Versions/A/Resources/libFontRegistry.dylib
0x0000000024ca4000 	/System/Library/Frameworks/ImageIO.framework/Versions/A/Resources/libJPEG.dylib
0x0000000024ca4000 	/System/Library/Frameworks/ImageIO.framework/Versions/A/Resources/libTIFF.dylib
0x0000000024ca4000 	/System/Library/Frameworks/ImageIO.framework/Versions/A/Resources/libPng.dylib
0x0000000024ca4000 	/System/Library/Frameworks/ImageIO.framework/Versions/A/Resources/libGIF.dylib
0x0000000024ca4000 	/System/Library/Frameworks/ImageIO.framework/Versions/A/Resources/libJP2.dylib
0x0000000024ca4000 	/System/Library/Frameworks/ImageIO.framework/Versions/A/Resources/libRadiance.dylib
0x0000000024ca4000 	/System/Library/PrivateFrameworks/AppleJPEG.framework/Versions/A/AppleJPEG
0x0000000024ca4000 	/System/Library/Frameworks/MetalPerformanceShaders.framework/Frameworks/MPSCore.framework/Versions/A/MPSCore
0x0000000024ca4000 	/System/Library/Frameworks/MetalPerformanceShaders.framework/Frameworks/MPSImage.framework/Versions/A/MPSImage
0x0000000024ca4000 	/System/Library/Frameworks/MetalPerformanceShaders.framework/Frameworks/MPSNeuralNetwork.framework/Versions/A/MPSNeuralNetwork
0x0000000024ca4000 	/System/Library/Frameworks/MetalPerformanceShaders.framework/Frameworks/MPSMatrix.framework/Versions/A/MPSMatrix
0x0000000024ca4000 	/System/Library/PrivateFrameworks/MetalTools.framework/Versions/A/MetalTools
0x0000000024ca4000 	/System/Library/Frameworks/OpenGL.framework/Versions/A/Libraries/libGLU.dylib
0x0000000024ca4000 	/System/Library/Frameworks/OpenGL.framework/Versions/A/Libraries/libGFXShared.dylib
0x0000000024ca4000 	/System/Library/Frameworks/OpenGL.framework/Versions/A/Libraries/libGL.dylib
0x0000000024ca4000 	/System/Library/Frameworks/OpenGL.framework/Versions/A/Libraries/libGLImage.dylib
0x0000000024ca4000 	/System/Library/Frameworks/OpenGL.framework/Versions/A/Libraries/libCVMSPluginSupport.dylib
0x0000000024ca4000 	/System/Library/Frameworks/OpenGL.framework/Versions/A/Libraries/libCoreVMClient.dylib
0x0000000024ca4000 	/usr/lib/libcups.2.dylib
0x0000000024ca4000 	/System/Library/Frameworks/Kerberos.framework/Versions/A/Kerberos
0x0000000024ca4000 	/System/Library/Frameworks/GSS.framework/Versions/A/GSS
0x0000000024ca4000 	/usr/lib/libresolv.9.dylib
0x0000000024ca4000 	/usr/lib/libiconv.2.dylib
0x0000000024ca4000 	/System/Library/PrivateFrameworks/Heimdal.framework/Versions/A/Heimdal
0x0000000024ca4000 	/usr/lib/libheimdal-asn1.dylib
0x0000000024ca4000 	/System/Library/Frameworks/OpenDirectory.framework/Versions/A/OpenDirectory
0x0000000024ca4000 	/System/Library/PrivateFrameworks/CommonAuth.framework/Versions/A/CommonAuth
0x0000000024ca4000 	/System/Library/Frameworks/OpenDirectory.framework/Versions/A/Frameworks/CFOpenDirectory.framework/Versions/A/CFOpenDirectory
0x0000000024ca4000 	/System/Library/Frameworks/SecurityFoundation.framework/Versions/A/SecurityFoundation
0x0000000024ca4000 	/System/Library/PrivateFrameworks/APFS.framework/Versions/A/APFS
0x0000000024ca4000 	/usr/lib/libutil.dylib
0x0000000024ca4000 	/System/Library/PrivateFrameworks/AppleSauce.framework/Versions/A/AppleSauce
0x0000000024ca4000 	/System/Library/PrivateFrameworks/LinguisticData.framework/Versions/A/LinguisticData
0x0000000024ca4000 	/usr/lib/libmarisa.dylib
0x0000000024ca4000 	/System/Library/PrivateFrameworks/Lexicon.framework/Versions/A/Lexicon
0x0000000024ca4000 	/usr/lib/libChineseTokenizer.dylib
0x0000000024ca4000 	/usr/lib/libcmph.dylib
0x0000000024ca4000 	/System/Library/PrivateFrameworks/LanguageModeling.framework/Versions/A/LanguageModeling
0x0000000024ca4000 	/System/Library/PrivateFrameworks/CoreEmoji.framework/Versions/A/CoreEmoji
0x0000000024ca4000 	/System/Library/Frameworks/ServiceManagement.framework/Versions/A/ServiceManagement
0x0000000024ca4000 	/System/Library/PrivateFrameworks/BackgroundTaskManagement.framework/Versions/A/BackgroundTaskManagement
0x0000000024ca4000 	/usr/lib/libxslt.1.dylib
0x0000000024ca4000 	/System/Library/Frameworks/Carbon.framework/Versions/A/Frameworks/Ink.framework/Versions/A/Ink
0x0000000024ca4000 	/System/Library/PrivateFrameworks/TextureIO.framework/Versions/A/TextureIO
0x0000000024ca4000 	/usr/lib/libate.dylib
0x0000000024ca4000 	/System/Library/PrivateFrameworks/CrashReporterSupport.framework/Versions/A/CrashReporterSupport
0x0000000024ca4000 	/System/Library/PrivateFrameworks/Sharing.framework/Versions/A/Sharing
0x0000000024ca4000 	/System/Library/PrivateFrameworks/IconServices.framework/Versions/A/IconServices
0x0000000024ca4000 	/System/Library/PrivateFrameworks/AuthKit.framework/Versions/A/AuthKit
0x0000000024ca4000 	/System/Library/PrivateFrameworks/Apple80211.framework/Versions/A/Apple80211
0x0000000024ca4000 	/System/Library/PrivateFrameworks/CoreUtils.framework/Versions/A/CoreUtils
0x0000000024ca4000 	/System/Library/Frameworks/CoreWLAN.framework/Versions/A/CoreWLAN
0x0000000024ca4000 	/System/Library/Frameworks/IOBluetooth.framework/Versions/A/IOBluetooth
0x0000000024ca4000 	/System/Library/PrivateFrameworks/ProtocolBuffer.framework/Versions/A/ProtocolBuffer
0x0000000024ca4000 	/System/Library/PrivateFrameworks/MobileKeyBag.framework/Versions/A/MobileKeyBag
0x0000000024ca4000 	/System/Library/PrivateFrameworks/CorePhoneNumbers.framework/Versions/A/CorePhoneNumbers
0x0000000024ca4000 	/System/Library/PrivateFrameworks/AppleIDAuthSupport.framework/Versions/A/AppleIDAuthSupport
0x0000000024ca4000 	/System/Library/PrivateFrameworks/KeychainCircle.framework/Versions/A/KeychainCircle
0x0000000024ca4000 	/System/Library/PrivateFrameworks/CoreWiFi.framework/Versions/A/CoreWiFi
0x0000000024ca4000 	/System/Library/Frameworks/CoreBluetooth.framework/Versions/A/CoreBluetooth
0x0000000024ca4000 	/System/Library/PrivateFrameworks/DebugSymbols.framework/Versions/A/DebugSymbols
0x0000000024ca4000 	/System/Library/PrivateFrameworks/CoreSymbolication.framework/Versions/A/CoreSymbolication
0x0000000024ca4000 	/System/Library/PrivateFrameworks/Symbolication.framework/Versions/A/Symbolication
0x0000000024ca4000 	/System/Library/PrivateFrameworks/AppleFSCompression.framework/Versions/A/AppleFSCompression
0x0000000024ca4000 	/System/Library/PrivateFrameworks/SpeechRecognitionCore.framework/Versions/A/SpeechRecognitionCore
0x000000010a000000 	/Applications/Android Studio.app/Contents/jre/jdk/Contents/Home/jre/lib/server/libjvm.dylib
0x0000000024ca4000 	/usr/lib/libstdc++.6.0.9.dylib
0x0000000109734000 	/Applications/Android Studio.app/Contents/jre/jdk/Contents/Home/jre/lib/libverify.dylib
0x0000000109740000 	/Applications/Android Studio.app/Contents/jre/jdk/Contents/Home/jre/lib/libjava.dylib
0x00000001097be000 	/Applications/Android Studio.app/Contents/jre/jdk/Contents/Home/jre/lib/libzip.dylib
0x000000011f79a000 	/Applications/Android Studio.app/Contents/jre/jdk/Contents/Home/jre/lib/libnet.dylib
0x000000011f7f9000 	/Applications/Android Studio.app/Contents/jre/jdk/Contents/Home/jre/lib/libnio.dylib
0x000000011f809000 	/Users/jorge/.gradle/native/25/osx-amd64/libnative-platform.dylib
0x000000011fb4b000 	/Applications/Android Studio.app/Contents/jre/jdk/Contents/Home/jre/lib/libmanagement.dylib

VM Arguments:
jvm_args: -Xmx1536m -Dfile.encoding=UTF-8 -Duser.country=CO -Duser.language=es -Duser.variant 
java_command: org.gradle.launcher.daemon.bootstrap.GradleDaemon 4.1
java_class_path (initial): /Users/jorge/.gradle/wrapper/dists/gradle-4.1-all/bzyivzo6n839fup2jbap0tjew/gradle-4.1/lib/gradle-launcher-4.1.jar
Launcher Type: SUN_STANDARD

Environment Variables:
PATH=/usr/local/bin:/usr/bin:/bin:/usr/sbin:/sbin
SHELL=/bin/bash

Signal Handlers:
SIGSEGV: [libjvm.dylib+0x53f567], sa_mask[0]=11111111011111110111111111111111, sa_flags=SA_ONSTACK|SA_RESTART|SA_SIGINFO
SIGBUS: [libjvm.dylib+0x53f567], sa_mask[0]=11111111011111110111111111111111, sa_flags=SA_RESTART|SA_SIGINFO
SIGFPE: [libjvm.dylib+0x437adf], sa_mask[0]=11111111011111110111111111111111, sa_flags=SA_RESTART|SA_SIGINFO
SIGPIPE: [libjvm.dylib+0x437adf], sa_mask[0]=11111111011111110111111111111111, sa_flags=SA_RESTART|SA_SIGINFO
SIGXFSZ: [libjvm.dylib+0x437adf], sa_mask[0]=11111111011111110111111111111111, sa_flags=SA_RESTART|SA_SIGINFO
SIGILL: [libjvm.dylib+0x437adf], sa_mask[0]=11111111011111110111111111111111, sa_flags=SA_RESTART|SA_SIGINFO
SIGUSR1: SIG_DFL, sa_mask[0]=00000000000000000000000000000000, sa_flags=none
SIGUSR2: [libjvm.dylib+0x438404], sa_mask[0]=00100000000000000000000000000000, sa_flags=SA_RESTART|SA_SIGINFO
SIGHUP: [libjvm.dylib+0x4365f9], sa_mask[0]=11111111011111110111111111111111, sa_flags=SA_RESTART|SA_SIGINFO
SIGINT: [libjvm.dylib+0x4365f9], sa_mask[0]=11111111011111110111111111111111, sa_flags=SA_RESTART|SA_SIGINFO
SIGTERM: [libjvm.dylib+0x4365f9], sa_mask[0]=11111111011111110111111111111111, sa_flags=SA_RESTART|SA_SIGINFO
SIGQUIT: [libjvm.dylib+0x4365f9], sa_mask[0]=11111111011111110111111111111111, sa_flags=SA_RESTART|SA_SIGINFO


---------------  S Y S T E M  ---------------

OS:Bsduname:Darwin 17.7.0 Darwin Kernel Version 17.7.0: Thu Jun 21 22:53:14 PDT 2018; root:xnu-4570.71.2~1/RELEASE_X86_64 x86_64
rlimit: STACK 8192k, CORE 0k, NPROC 709, NOFILE 10240, AS infinity
load average:2.92 3.59 3.37

CPU:total 4 (initial active 4) (2 cores per cpu, 2 threads per core) family 6 model 58 stepping 9, cmov, cx8, fxsr, mmx, sse, sse2, sse3, ssse3, sse4.1, sse4.2, popcnt, avx, aes, clmul, erms, ht, tsc, tscinvbit, tscinv

Memory: 4k page, physical 8388608k(633224k free)

/proc/meminfo:


vm_info: OpenJDK 64-Bit Server VM (25.152-b01) for bsd-amd64 JRE (1.8.0_152-release-1024-b01), built by "builder" with gcc 4.2.1 Compatible Apple LLVM 8.1.0 (clang-802.0.42)

time: Sun Aug 19 19:08:40 2018
elapsed time: 5 seconds (0d 0h 0m 5s)

